Release 14.7 - xst P.20131013 (nt)
Copyright (c) 1995-2013 Xilinx, Inc.  All rights reserved.
--> Parameter TMPDIR set to xst/projnav.tmp


Total REAL time to Xst completion: 0.00 secs
Total CPU time to Xst completion: 0.17 secs
 
--> Parameter xsthdpdir set to xst


Total REAL time to Xst completion: 0.00 secs
Total CPU time to Xst completion: 0.17 secs
 
--> Reading design: paralelo.prj

TABLE OF CONTENTS
  1) Synthesis Options Summary
  2) HDL Parsing
  3) HDL Elaboration
  4) HDL Synthesis
       4.1) HDL Synthesis Report
  5) Advanced HDL Synthesis
       5.1) Advanced HDL Synthesis Report
  6) Low Level Synthesis
  7) Partition Report
  8) Design Summary
       8.1) Primitive and Black Box Usage
       8.2) Device utilization summary
       8.3) Partition Resource Summary
       8.4) Timing Report
            8.4.1) Clock Information
            8.4.2) Asynchronous Control Signals Information
            8.4.3) Timing Summary
            8.4.4) Timing Details
            8.4.5) Cross Clock Domains Report


=========================================================================
*                      Synthesis Options Summary                        *
=========================================================================
---- Source Parameters
Input File Name                    : "paralelo.prj"
Ignore Synthesis Constraint File   : NO

---- Target Parameters
Output File Name                   : "paralelo"
Output Format                      : NGC
Target Device                      : xc6slx16-3-csg324

---- Source Options
Top Module Name                    : paralelo
Automatic FSM Extraction           : YES
FSM Encoding Algorithm             : Auto
Safe Implementation                : No
FSM Style                          : LUT
RAM Extraction                     : Yes
RAM Style                          : Auto
ROM Extraction                     : Yes
Shift Register Extraction          : YES
ROM Style                          : Auto
Resource Sharing                   : YES
Asynchronous To Synchronous        : NO
Shift Register Minimum Size        : 2
Use DSP Block                      : Auto
Automatic Register Balancing       : No

---- Target Options
LUT Combining                      : Auto
Reduce Control Sets                : Auto
Add IO Buffers                     : YES
Global Maximum Fanout              : 100000
Add Generic Clock Buffer(BUFG)     : 16
Register Duplication               : YES
Optimize Instantiated Primitives   : NO
Use Clock Enable                   : Auto
Use Synchronous Set                : Auto
Use Synchronous Reset              : Auto
Pack IO Registers into IOBs        : Auto
Equivalent register Removal        : YES

---- General Options
Optimization Goal                  : Speed
Optimization Effort                : 1
Power Reduction                    : NO
Keep Hierarchy                     : No
Netlist Hierarchy                  : As_Optimized
RTL Output                         : Yes
Global Optimization                : AllClockNets
Read Cores                         : YES
Write Timing Constraints           : NO
Cross Clock Analysis               : NO
Hierarchy Separator                : /
Bus Delimiter                      : <>
Case Specifier                     : Maintain
Slice Utilization Ratio            : 100
BRAM Utilization Ratio             : 100
DSP48 Utilization Ratio            : 100
Auto BRAM Packing                  : NO
Slice Utilization Ratio Delta      : 5

=========================================================================


=========================================================================
*                          HDL Parsing                                  *
=========================================================================
Parsing VHDL file "E:\FactoryFloorCalculator2025\timer.vhdl" into library work
Parsing entity <timer>.
Parsing architecture <Behavioral> of entity <timer>.
Parsing VHDL file "E:\FactoryFloorCalculator2025\paralelo.vhdl" into library work
Parsing entity <paralelo>.
Parsing architecture <Behavioral> of entity <paralelo>.

=========================================================================
*                            HDL Elaboration                            *
=========================================================================

Elaborating entity <paralelo> (architecture <Behavioral>) from library <work>.

Elaborating entity <timer> (architecture <Behavioral>) with generics from library <work>.

Elaborating entity <timer> (architecture <Behavioral>) with generics from library <work>.

Elaborating entity <timer> (architecture <Behavioral>) with generics from library <work>.

Elaborating entity <timer> (architecture <Behavioral>) with generics from library <work>.

Elaborating entity <timer> (architecture <Behavioral>) with generics from library <work>.

Elaborating entity <timer> (architecture <Behavioral>) with generics from library <work>.

Elaborating entity <timer> (architecture <Behavioral>) with generics from library <work>.

Elaborating entity <timer> (architecture <Behavioral>) with generics from library <work>.

=========================================================================
*                           HDL Synthesis                               *
=========================================================================

Synthesizing Unit <paralelo>.
    Related source file is "E:\FactoryFloorCalculator2025\paralelo.vhdl".
    Summary:
	no macro.
Unit <paralelo> synthesized.

Synthesizing Unit <timer_1>.
    Related source file is "E:\FactoryFloorCalculator2025\timer.vhdl".
        TC = 100000000
    Found 31-bit register for signal <COUNT>.
    Found 1-bit register for signal <Led0>.
    Found 31-bit adder for signal <COUNT[30]_COUNT[30]_mux_2_OUT> created at line 32.
    Found 31-bit comparator greater for signal <n0001> created at line 33
    Summary:
	inferred   1 Adder/Subtractor(s).
	inferred  32 D-type flip-flop(s).
	inferred   1 Comparator(s).
Unit <timer_1> synthesized.

Synthesizing Unit <timer_2>.
    Related source file is "E:\FactoryFloorCalculator2025\timer.vhdl".
        TC = 200000000
    Found 31-bit register for signal <COUNT>.
    Found 1-bit register for signal <Led0>.
    Found 31-bit adder for signal <COUNT[30]_COUNT[30]_mux_2_OUT> created at line 32.
    Found 31-bit comparator greater for signal <n0001> created at line 33
    Summary:
	inferred   1 Adder/Subtractor(s).
	inferred  32 D-type flip-flop(s).
	inferred   1 Comparator(s).
Unit <timer_2> synthesized.

Synthesizing Unit <timer_3>.
    Related source file is "E:\FactoryFloorCalculator2025\timer.vhdl".
        TC = 300000000
    Found 31-bit register for signal <COUNT>.
    Found 1-bit register for signal <Led0>.
    Found 31-bit adder for signal <COUNT[30]_COUNT[30]_mux_2_OUT> created at line 32.
    Found 31-bit comparator greater for signal <n0001> created at line 33
    Summary:
	inferred   1 Adder/Subtractor(s).
	inferred  32 D-type flip-flop(s).
	inferred   1 Comparator(s).
Unit <timer_3> synthesized.

Synthesizing Unit <timer_4>.
    Related source file is "E:\FactoryFloorCalculator2025\timer.vhdl".
        TC = 400000000
    Found 31-bit register for signal <COUNT>.
    Found 1-bit register for signal <Led0>.
    Found 31-bit adder for signal <COUNT[30]_COUNT[30]_mux_2_OUT> created at line 32.
    Found 31-bit comparator greater for signal <n0001> created at line 33
    Summary:
	inferred   1 Adder/Subtractor(s).
	inferred  32 D-type flip-flop(s).
	inferred   1 Comparator(s).
Unit <timer_4> synthesized.

Synthesizing Unit <timer_5>.
    Related source file is "E:\FactoryFloorCalculator2025\timer.vhdl".
        TC = 500000000
    Found 31-bit register for signal <COUNT>.
    Found 1-bit register for signal <Led0>.
    Found 31-bit adder for signal <COUNT[30]_COUNT[30]_mux_2_OUT> created at line 32.
    Found 31-bit comparator greater for signal <n0001> created at line 33
    Summary:
	inferred   1 Adder/Subtractor(s).
	inferred  32 D-type flip-flop(s).
	inferred   1 Comparator(s).
Unit <timer_5> synthesized.

Synthesizing Unit <timer_6>.
    Related source file is "E:\FactoryFloorCalculator2025\timer.vhdl".
        TC = 600000000
    Found 31-bit register for signal <COUNT>.
    Found 1-bit register for signal <Led0>.
    Found 31-bit adder for signal <COUNT[30]_COUNT[30]_mux_2_OUT> created at line 32.
    Found 31-bit comparator greater for signal <n0001> created at line 33
    Summary:
	inferred   1 Adder/Subtractor(s).
	inferred  32 D-type flip-flop(s).
	inferred   1 Comparator(s).
Unit <timer_6> synthesized.

Synthesizing Unit <timer_7>.
    Related source file is "E:\FactoryFloorCalculator2025\timer.vhdl".
        TC = 700000000
    Found 31-bit register for signal <COUNT>.
    Found 1-bit register for signal <Led0>.
    Found 31-bit adder for signal <COUNT[30]_COUNT[30]_mux_2_OUT> created at line 32.
    Found 31-bit comparator greater for signal <n0001> created at line 33
    Summary:
	inferred   1 Adder/Subtractor(s).
	inferred  32 D-type flip-flop(s).
	inferred   1 Comparator(s).
Unit <timer_7> synthesized.

Synthesizing Unit <timer_8>.
    Related source file is "E:\FactoryFloorCalculator2025\timer.vhdl".
        TC = 800000000
    Found 31-bit register for signal <COUNT>.
    Found 1-bit register for signal <Led0>.
    Found 31-bit adder for signal <COUNT[30]_COUNT[30]_mux_2_OUT> created at line 32.
    Found 31-bit comparator greater for signal <n0001> created at line 33
    Summary:
	inferred   1 Adder/Subtractor(s).
	inferred  32 D-type flip-flop(s).
	inferred   1 Comparator(s).
Unit <timer_8> synthesized.

=========================================================================
HDL Synthesis Report

Macro Statistics
# Adders/Subtractors                                   : 8
 31-bit adder                                          : 8
# Registers                                            : 16
 1-bit register                                        : 8
 31-bit register                                       : 8
# Comparators                                          : 8
 31-bit comparator greater                             : 8

=========================================================================

=========================================================================
*                       Advanced HDL Synthesis                          *
=========================================================================


Synthesizing (advanced) Unit <timer_1>.
The following registers are absorbed into counter <COUNT>: 1 register on signal <COUNT>.
Unit <timer_1> synthesized (advanced).

Synthesizing (advanced) Unit <timer_2>.
The following registers are absorbed into counter <COUNT>: 1 register on signal <COUNT>.
Unit <timer_2> synthesized (advanced).

Synthesizing (advanced) Unit <timer_3>.
The following registers are absorbed into counter <COUNT>: 1 register on signal <COUNT>.
Unit <timer_3> synthesized (advanced).

Synthesizing (advanced) Unit <timer_4>.
The following registers are absorbed into counter <COUNT>: 1 register on signal <COUNT>.
Unit <timer_4> synthesized (advanced).

Synthesizing (advanced) Unit <timer_5>.
The following registers are absorbed into counter <COUNT>: 1 register on signal <COUNT>.
Unit <timer_5> synthesized (advanced).

Synthesizing (advanced) Unit <timer_6>.
The following registers are absorbed into counter <COUNT>: 1 register on signal <COUNT>.
Unit <timer_6> synthesized (advanced).

Synthesizing (advanced) Unit <timer_7>.
The following registers are absorbed into counter <COUNT>: 1 register on signal <COUNT>.
Unit <timer_7> synthesized (advanced).

Synthesizing (advanced) Unit <timer_8>.
The following registers are absorbed into counter <COUNT>: 1 register on signal <COUNT>.
Unit <timer_8> synthesized (advanced).

=========================================================================
Advanced HDL Synthesis Report

Macro Statistics
# Counters                                             : 8
 31-bit up counter                                     : 8
# Registers                                            : 8
 Flip-Flops                                            : 8
# Comparators                                          : 8
 31-bit comparator greater                             : 8

=========================================================================

=========================================================================
*                         Low Level Synthesis                           *
=========================================================================
INFO:Xst:2146 - In block <paralelo>, Counter <repetir[0].u1/COUNT> <repetir[1].u1/COUNT> <repetir[2].u1/COUNT> <repetir[3].u1/COUNT> <repetir[4].u1/COUNT> <repetir[5].u1/COUNT> <repetir[6].u1/COUNT> <repetir[7].u1/COUNT> are equivalent, XST will keep only <repetir[0].u1/COUNT>.

Optimizing unit <paralelo> ...

Mapping all equations...
Building and optimizing final netlist ...
Found area constraint ratio of 100 (+ 5) on block paralelo, actual ratio is 1.

Final Macro Processing ...

=========================================================================
Final Register Report

Macro Statistics
# Registers                                            : 39
 Flip-Flops                                            : 39

=========================================================================

=========================================================================
*                           Partition Report                            *
=========================================================================

Partition Implementation Status
-------------------------------

  No Partitions were found in this design.

-------------------------------

=========================================================================
*                            Design Summary                             *
=========================================================================

Top Level Output File Name         : paralelo.ngc

Primitive and Black Box Usage:
------------------------------
# BELS                             : 202
#      GND                         : 1
#      INV                         : 2
#      LUT1                        : 30
#      LUT2                        : 6
#      LUT3                        : 19
#      LUT4                        : 11
#      LUT5                        : 34
#      LUT6                        : 2
#      MUXCY                       : 65
#      VCC                         : 1
#      XORCY                       : 31
# FlipFlops/Latches                : 39
#      FDC                         : 32
#      FDCE                        : 7
# Clock Buffers                    : 1
#      BUFGP                       : 1
# IO Buffers                       : 9
#      IBUF                        : 1
#      OBUF                        : 8

Device utilization summary:
---------------------------

Selected Device : 6slx16csg324-3 


Slice Logic Utilization: 
 Number of Slice Registers:              39  out of  18224     0%  
 Number of Slice LUTs:                  104  out of   9112     1%  
    Number used as Logic:               104  out of   9112     1%  

Slice Logic Distribution: 
 Number of LUT Flip Flop pairs used:    111
   Number with an unused Flip Flop:      72  out of    111    64%  
   Number with an unused LUT:             7  out of    111     6%  
   Number of fully used LUT-FF pairs:    32  out of    111    28%  
   Number of unique control sets:         8

IO Utilization: 
 Number of IOs:                          10
 Number of bonded IOBs:                  10  out of    232     4%  

Specific Feature Utilization:
 Number of BUFG/BUFGCTRLs:                1  out of     16     6%  

---------------------------
Partition Resource Summary:
---------------------------

  No Partitions were found in this design.

---------------------------


=========================================================================
Timing Report

NOTE: THESE TIMING NUMBERS ARE ONLY A SYNTHESIS ESTIMATE.
      FOR ACCURATE TIMING INFORMATION PLEASE REFER TO THE TRACE REPORT
      GENERATED AFTER PLACE-and-ROUTE.

Clock Information:
------------------
-----------------------------------+------------------------+-------+
Clock Signal                       | Clock buffer(FF name)  | Load  |
-----------------------------------+------------------------+-------+
Clk                                | BUFGP                  | 39    |
-----------------------------------+------------------------+-------+

Asynchronous Control Signals Information:
----------------------------------------
No asynchronous control signals found in this design

Timing Summary:
---------------
Speed Grade: -3

   Minimum period: 3.865ns (Maximum Frequency: 258.756MHz)
   Minimum input arrival time before clock: 3.043ns
   Maximum output required time after clock: 3.634ns
   Maximum combinational path delay: No path found

Timing Details:
---------------
All values displayed in nanoseconds (ns)

=========================================================================
Timing constraint: Default period analysis for Clock 'Clk'
  Clock period: 3.865ns (frequency: 258.756MHz)
  Total number of paths / destination ports: 789 / 39
-------------------------------------------------------------------------
Delay:               3.865ns (Levels of Logic = 3)
  Source:            repetir[0].u1/COUNT_24 (FF)
  Destination:       repetir[7].u1/Led0 (FF)
  Source Clock:      Clk rising
  Destination Clock: Clk rising

  Data Path: repetir[0].u1/COUNT_24 to repetir[7].u1/Led0
                                Gate     Net
    Cell:in->out      fanout   Delay   Delay  Logical Name (Net Name)
    ----------------------------------------  ------------
     FDC:C->Q             10   0.447   1.201  repetir[0].u1/COUNT_24 (repetir[0].u1/COUNT_24)
     LUT5:I0->O            1   0.203   0.924  repetir[7].u1/n0001_inv1 (repetir[7].u1/n0001_inv1)
     LUT6:I1->O            1   0.203   0.580  repetir[7].u1/n0001_inv5 (repetir[7].u1/n0001_inv)
     LUT3:I2->O            1   0.205   0.000  repetir[7].u1/Led0_rstpot (repetir[7].u1/Led0_rstpot)
     FDC:D                     0.102          repetir[7].u1/Led0
    ----------------------------------------
    Total                      3.865ns (1.160ns logic, 2.705ns route)
                                       (30.0% logic, 70.0% route)

=========================================================================
Timing constraint: Default OFFSET IN BEFORE for Clock 'Clk'
  Total number of paths / destination ports: 39 / 39
-------------------------------------------------------------------------
Offset:              3.043ns (Levels of Logic = 1)
  Source:            sw (PAD)
  Destination:       repetir[0].u1/Led0 (FF)
  Destination Clock: Clk rising

  Data Path: sw to repetir[0].u1/Led0
                                Gate     Net
    Cell:in->out      fanout   Delay   Delay  Logical Name (Net Name)
    ----------------------------------------  ------------
     IBUF:I->O            39   1.222   1.391  sw_IBUF (sw_IBUF)
     FDCE:CLR                  0.430          repetir[0].u1/Led0
    ----------------------------------------
    Total                      3.043ns (1.652ns logic, 1.391ns route)
                                       (54.3% logic, 45.7% route)

=========================================================================
Timing constraint: Default OFFSET OUT AFTER for Clock 'Clk'
  Total number of paths / destination ports: 8 / 8
-------------------------------------------------------------------------
Offset:              3.634ns (Levels of Logic = 1)
  Source:            repetir[7].u1/Led0 (FF)
  Destination:       led<7> (PAD)
  Source Clock:      Clk rising

  Data Path: repetir[7].u1/Led0 to led<7>
                                Gate     Net
    Cell:in->out      fanout   Delay   Delay  Logical Name (Net Name)
    ----------------------------------------  ------------
     FDC:C->Q              2   0.447   0.616  repetir[7].u1/Led0 (repetir[7].u1/Led0)
     OBUF:I->O                 2.571          led_7_OBUF (led<7>)
    ----------------------------------------
    Total                      3.634ns (3.018ns logic, 0.616ns route)
                                       (83.0% logic, 17.0% route)

=========================================================================

Cross Clock Domains Report:
--------------------------

Clock to Setup on destination clock Clk
---------------+---------+---------+---------+---------+
               | Src:Rise| Src:Fall| Src:Rise| Src:Fall|
Source Clock   |Dest:Rise|Dest:Rise|Dest:Fall|Dest:Fall|
---------------+---------+---------+---------+---------+
Clk            |    3.865|         |         |         |
---------------+---------+---------+---------+---------+

=========================================================================


Total REAL time to Xst completion: 6.00 secs
Total CPU time to Xst completion: 6.38 secs
 
--> 

Total memory usage is 198880 kilobytes

Number of errors   :    0 (   0 filtered)
Number of warnings :    0 (   0 filtered)
Number of infos    :    1 (   0 filtered)

