--------------------------------------------------------------------------------
Release 14.7 Trace  (nt)
Copyright (c) 1995-2013 Xilinx, Inc.  All rights reserved.

C:\Xilinx\14.7\ISE_DS\ISE\bin\nt\unwrapped\trce.exe -intstyle ise -v 3 -s 3N -n
3 -fastpaths -xml timer.twx timer.ncd -o timer.twr timer.pcf -ucf
Nexys3_master.ucf

Design file:              timer.ncd
Physical constraint file: timer.pcf
Device,package,speed:     xc6slx16,csg324,C,-3N (PRODUCTION 1.23 2013-10-13)
Report level:             verbose report

Environment Variable      Effect 
--------------------      ------ 
NONE                      No environment variables were set
--------------------------------------------------------------------------------

INFO:Timing:2698 - No timing constraints found, doing default enumeration.
INFO:Timing:3412 - To improve timing, see the Timing Closure User Guide (UG612).
INFO:Timing:2752 - To get complete path coverage, use the unconstrained paths 
   option. All paths that are not constrained will be reported in the 
   unconstrained paths section(s) of the report.
INFO:Timing:3339 - The clock-to-out numbers in this timing report are based on 
   a 50 Ohm transmission line loading model.  For the details of this model, 
   and for more information on accounting for different loading conditions, 
   please see the device datasheet.



Data Sheet report:
-----------------
All values displayed in nanoseconds (ns)

Setup/Hold to clock Clk
------------+------------+------------+------------+------------+------------------+--------+
            |Max Setup to|  Process   |Max Hold to |  Process   |                  | Clock  |
Source      | clk (edge) |   Corner   | clk (edge) |   Corner   |Internal Clock(s) | Phase  |
------------+------------+------------+------------+------------+------------------+--------+
sw0         |    3.013(R)|      SLOW  |    0.527(R)|      SLOW  |Clk_BUFGP         |   0.000|
sw1         |    2.373(R)|      SLOW  |   -0.387(R)|      FAST  |Clk_BUFGP         |   0.000|
------------+------------+------------+------------+------------+------------------+--------+

Clock Clk to Pad
------------+-----------------+------------+-----------------+------------+------------------+--------+
            |Max (slowest) clk|  Process   |Min (fastest) clk|  Process   |                  | Clock  |
Destination |  (edge) to PAD  |   Corner   |  (edge) to PAD  |   Corner   |Internal Clock(s) | Phase  |
------------+-----------------+------------+-----------------+------------+------------------+--------+
Led0        |         9.831(R)|      SLOW  |         5.194(R)|      FAST  |Clk_BUFGP         |   0.000|
led<4>      |         9.244(R)|      SLOW  |         4.747(R)|      FAST  |Clk_BUFGP         |   0.000|
led<5>      |         9.438(R)|      SLOW  |         4.887(R)|      FAST  |Clk_BUFGP         |   0.000|
led<6>      |         9.436(R)|      SLOW  |         4.889(R)|      FAST  |Clk_BUFGP         |   0.000|
led<7>      |         9.662(R)|      SLOW  |         5.021(R)|      FAST  |Clk_BUFGP         |   0.000|
------------+-----------------+------------+-----------------+------------+------------------+--------+

Clock to Setup on destination clock Clk
---------------+---------+---------+---------+---------+
               | Src:Rise| Src:Fall| Src:Rise| Src:Fall|
Source Clock   |Dest:Rise|Dest:Rise|Dest:Fall|Dest:Fall|
---------------+---------+---------+---------+---------+
Clk            |    3.256|         |         |         |
---------------+---------+---------+---------+---------+


Analysis completed Fri Sep 12 09:21:58 2025 
--------------------------------------------------------------------------------

Trace Settings:
-------------------------
Trace Settings 

Peak Memory Usage: 151 MB



