--------------------------------------------------------------------------------
Release 14.7 Trace  (nt)
Copyright (c) 1995-2013 Xilinx, Inc.  All rights reserved.

C:\Xilinx\14.7\ISE_DS\ISE\bin\nt\unwrapped\trce.exe -intstyle ise -v 3 -s 3 -n
3 -fastpaths -xml v_calc.twx v_calc.ncd -o v_calc.twr v_calc.pcf -ucf
Nexys3_master.ucf

Design file:              v_calc.ncd
Physical constraint file: v_calc.pcf
Device,package,speed:     xc6slx16,csg324,C,-3 (PRODUCTION 1.23 2013-10-13)
Report level:             verbose report

Environment Variable      Effect 
--------------------      ------ 
NONE                      No environment variables were set
--------------------------------------------------------------------------------

INFO:Timing:2698 - No timing constraints found, doing default enumeration.
INFO:Timing:3412 - To improve timing, see the Timing Closure User Guide (UG612).
INFO:Timing:2752 - To get complete path coverage, use the unconstrained paths 
   option. All paths that are not constrained will be reported in the 
   unconstrained paths section(s) of the report.
INFO:Timing:3339 - The clock-to-out numbers in this timing report are based on 
   a 50 Ohm transmission line loading model.  For the details of this model, 
   and for more information on accounting for different loading conditions, 
   please see the device datasheet.



Data Sheet report:
-----------------
All values displayed in nanoseconds (ns)

Setup/Hold to clock sw<7>
------------+------------+------------+------------+------------+------------------+--------+
            |Max Setup to|  Process   |Max Hold to |  Process   |                  | Clock  |
Source      | clk (edge) |   Corner   | clk (edge) |   Corner   |Internal Clock(s) | Phase  |
------------+------------+------------+------------+------------+------------------+--------+
sw<0>       |   -0.253(R)|      FAST  |    1.847(R)|      SLOW  |sw_7_BUFGP        |   0.000|
            |   -0.358(F)|      FAST  |    2.001(F)|      SLOW  |sw_7_BUFGP        |   0.000|
sw<1>       |   -0.501(R)|      FAST  |    2.080(R)|      SLOW  |sw_7_BUFGP        |   0.000|
            |   -0.606(F)|      FAST  |    2.234(F)|      SLOW  |sw_7_BUFGP        |   0.000|
sw<2>       |   -0.651(R)|      FAST  |    2.283(R)|      SLOW  |sw_7_BUFGP        |   0.000|
            |   -0.611(F)|      FAST  |    2.290(F)|      SLOW  |sw_7_BUFGP        |   0.000|
sw<3>       |   -0.584(R)|      FAST  |    2.211(R)|      SLOW  |sw_7_BUFGP        |   0.000|
            |   -0.697(F)|      FAST  |    2.378(F)|      SLOW  |sw_7_BUFGP        |   0.000|
sw<4>       |   -0.562(R)|      FAST  |    2.137(R)|      SLOW  |sw_7_BUFGP        |   0.000|
            |   -0.666(F)|      FAST  |    2.290(F)|      SLOW  |sw_7_BUFGP        |   0.000|
sw<5>       |   -0.630(R)|      FAST  |    2.221(R)|      SLOW  |sw_7_BUFGP        |   0.000|
            |   -0.641(F)|      FAST  |    2.236(F)|      SLOW  |sw_7_BUFGP        |   0.000|
sw<6>       |   -0.811(R)|      FAST  |    2.483(R)|      SLOW  |sw_7_BUFGP        |   0.000|
            |   -0.831(F)|      FAST  |    2.512(F)|      SLOW  |sw_7_BUFGP        |   0.000|
------------+------------+------------+------------+------------+------------------+--------+

Clock sw<7> to Pad
------------+-----------------+------------+-----------------+------------+------------------+--------+
            |Max (slowest) clk|  Process   |Min (fastest) clk|  Process   |                  | Clock  |
Destination |  (edge) to PAD  |   Corner   |  (edge) to PAD  |   Corner   |Internal Clock(s) | Phase  |
------------+-----------------+------------+-----------------+------------+------------------+--------+
seg<0>      |        50.619(R)|      SLOW  |         9.420(R)|      FAST  |sw_7_BUFGP        |   0.000|
            |        50.988(F)|      SLOW  |         9.253(F)|      FAST  |sw_7_BUFGP        |   0.000|
seg<1>      |        50.879(R)|      SLOW  |         9.243(R)|      FAST  |sw_7_BUFGP        |   0.000|
            |        51.248(F)|      SLOW  |         9.076(F)|      FAST  |sw_7_BUFGP        |   0.000|
seg<2>      |        50.778(R)|      SLOW  |         9.469(R)|      FAST  |sw_7_BUFGP        |   0.000|
            |        51.147(F)|      SLOW  |         9.302(F)|      FAST  |sw_7_BUFGP        |   0.000|
seg<3>      |        50.691(R)|      SLOW  |         9.185(R)|      FAST  |sw_7_BUFGP        |   0.000|
            |        51.060(F)|      SLOW  |         9.018(F)|      FAST  |sw_7_BUFGP        |   0.000|
seg<4>      |        50.872(R)|      SLOW  |         9.234(R)|      FAST  |sw_7_BUFGP        |   0.000|
            |        51.241(F)|      SLOW  |         9.067(F)|      FAST  |sw_7_BUFGP        |   0.000|
seg<5>      |        50.732(R)|      SLOW  |         9.407(R)|      FAST  |sw_7_BUFGP        |   0.000|
            |        51.101(F)|      SLOW  |         9.240(F)|      FAST  |sw_7_BUFGP        |   0.000|
seg<6>      |        50.947(R)|      SLOW  |         9.553(R)|      FAST  |sw_7_BUFGP        |   0.000|
            |        51.316(F)|      SLOW  |         9.386(F)|      FAST  |sw_7_BUFGP        |   0.000|
------------+-----------------+------------+-----------------+------------+------------------+--------+

Clock to Setup on destination clock clk
---------------+---------+---------+---------+---------+
               | Src:Rise| Src:Fall| Src:Rise| Src:Fall|
Source Clock   |Dest:Rise|Dest:Rise|Dest:Fall|Dest:Fall|
---------------+---------+---------+---------+---------+
clk            |    3.686|         |         |         |
---------------+---------+---------+---------+---------+

Pad to Pad
---------------+---------------+---------+
Source Pad     |Destination Pad|  Delay  |
---------------+---------------+---------+
btn<0>         |seg<0>         |   34.831|
btn<0>         |seg<1>         |   35.091|
btn<0>         |seg<2>         |   34.990|
btn<0>         |seg<3>         |   34.903|
btn<0>         |seg<4>         |   35.084|
btn<0>         |seg<5>         |   34.944|
btn<0>         |seg<6>         |   35.159|
btn<1>         |seg<0>         |   35.367|
btn<1>         |seg<1>         |   35.627|
btn<1>         |seg<2>         |   35.526|
btn<1>         |seg<3>         |   35.439|
btn<1>         |seg<4>         |   35.620|
btn<1>         |seg<5>         |   35.480|
btn<1>         |seg<6>         |   35.695|
btn<2>         |seg<0>         |   35.838|
btn<2>         |seg<1>         |   36.098|
btn<2>         |seg<2>         |   35.997|
btn<2>         |seg<3>         |   35.910|
btn<2>         |seg<4>         |   36.091|
btn<2>         |seg<5>         |   35.951|
btn<2>         |seg<6>         |   36.166|
btn<3>         |seg<0>         |   35.241|
btn<3>         |seg<1>         |   35.501|
btn<3>         |seg<2>         |   35.400|
btn<3>         |seg<3>         |   35.313|
btn<3>         |seg<4>         |   35.494|
btn<3>         |seg<5>         |   35.354|
btn<3>         |seg<6>         |   35.569|
btn<4>         |seg<0>         |   35.185|
btn<4>         |seg<1>         |   35.445|
btn<4>         |seg<2>         |   35.344|
btn<4>         |seg<3>         |   35.257|
btn<4>         |seg<4>         |   35.438|
btn<4>         |seg<5>         |   35.298|
btn<4>         |seg<6>         |   35.513|
---------------+---------------+---------+


Analysis completed Fri Oct 24 09:54:44 2025 
--------------------------------------------------------------------------------

Trace Settings:
-------------------------
Trace Settings 

Peak Memory Usage: 156 MB



