--------------------------------------------------------------------------------
Release 14.7 Trace  (nt)
Copyright (c) 1995-2013 Xilinx, Inc.  All rights reserved.

C:\Xilinx\14.7\ISE_DS\ISE\bin\nt\unwrapped\trce.exe -intstyle ise -v 3 -s 3 -n
3 -fastpaths -xml v_microp.twx v_microp.ncd -o v_microp.twr v_microp.pcf -ucf
Nexys3_master.ucf

Design file:              v_microp.ncd
Physical constraint file: v_microp.pcf
Device,package,speed:     xc6slx16,csg324,C,-3 (PRODUCTION 1.23 2013-10-13)
Report level:             verbose report

Environment Variable      Effect 
--------------------      ------ 
NONE                      No environment variables were set
--------------------------------------------------------------------------------

INFO:Timing:2698 - No timing constraints found, doing default enumeration.
INFO:Timing:3412 - To improve timing, see the Timing Closure User Guide (UG612).
INFO:Timing:2752 - To get complete path coverage, use the unconstrained paths 
   option. All paths that are not constrained will be reported in the 
   unconstrained paths section(s) of the report.
INFO:Timing:3339 - The clock-to-out numbers in this timing report are based on 
   a 50 Ohm transmission line loading model.  For the details of this model, 
   and for more information on accounting for different loading conditions, 
   please see the device datasheet.



Data Sheet report:
-----------------
All values displayed in nanoseconds (ns)

Setup/Hold to clock clk
------------+------------+------------+------------+------------+------------------+--------+
            |Max Setup to|  Process   |Max Hold to |  Process   |                  | Clock  |
Source      | clk (edge) |   Corner   | clk (edge) |   Corner   |Internal Clock(s) | Phase  |
------------+------------+------------+------------+------------+------------------+--------+
btn<0>      |    2.468(R)|      SLOW  |   -1.440(R)|      FAST  |clk_BUFGP         |   0.000|
btn<1>      |    2.591(R)|      SLOW  |   -1.461(R)|      FAST  |clk_BUFGP         |   0.000|
btn<2>      |    3.450(R)|      SLOW  |   -2.042(R)|      FAST  |clk_BUFGP         |   0.000|
btn<3>      |    2.260(R)|      SLOW  |   -1.328(R)|      FAST  |clk_BUFGP         |   0.000|
btn<4>      |    3.091(R)|      SLOW  |   -1.804(R)|      FAST  |clk_BUFGP         |   0.000|
sw<0>       |    2.255(R)|      SLOW  |   -1.311(R)|      FAST  |clk_BUFGP         |   0.000|
sw<1>       |    1.999(R)|      SLOW  |   -1.146(R)|      FAST  |clk_BUFGP         |   0.000|
sw<2>       |    1.937(R)|      SLOW  |   -1.107(R)|      FAST  |clk_BUFGP         |   0.000|
sw<3>       |    2.174(R)|      SLOW  |   -1.272(R)|      FAST  |clk_BUFGP         |   0.000|
sw<4>       |    2.138(R)|      SLOW  |   -1.265(R)|      FAST  |clk_BUFGP         |   0.000|
sw<5>       |    2.005(R)|      SLOW  |   -1.152(R)|      FAST  |clk_BUFGP         |   0.000|
sw<6>       |    2.123(R)|      SLOW  |   -1.227(R)|      FAST  |clk_BUFGP         |   0.000|
sw<7>       |    2.792(R)|      SLOW  |   -1.665(R)|      FAST  |clk_BUFGP         |   0.000|
------------+------------+------------+------------+------------+------------------+--------+

Clock clk to Pad
------------+-----------------+------------+-----------------+------------+------------------+--------+
            |Max (slowest) clk|  Process   |Min (fastest) clk|  Process   |                  | Clock  |
Destination |  (edge) to PAD  |   Corner   |  (edge) to PAD  |   Corner   |Internal Clock(s) | Phase  |
------------+-----------------+------------+-----------------+------------+------------------+--------+
an<0>       |         8.013(R)|      SLOW  |         4.496(R)|      FAST  |clk_BUFGP         |   0.000|
an<1>       |         8.082(R)|      SLOW  |         4.526(R)|      FAST  |clk_BUFGP         |   0.000|
an<2>       |         7.874(R)|      SLOW  |         4.411(R)|      FAST  |clk_BUFGP         |   0.000|
an<3>       |         8.034(R)|      SLOW  |         4.529(R)|      FAST  |clk_BUFGP         |   0.000|
led<0>      |         8.287(R)|      SLOW  |         4.676(R)|      FAST  |clk_BUFGP         |   0.000|
led<1>      |         8.509(R)|      SLOW  |         4.821(R)|      FAST  |clk_BUFGP         |   0.000|
led<2>      |         8.794(R)|      SLOW  |         5.023(R)|      FAST  |clk_BUFGP         |   0.000|
led<3>      |         8.240(R)|      SLOW  |         4.666(R)|      FAST  |clk_BUFGP         |   0.000|
led<4>      |         8.375(R)|      SLOW  |         4.687(R)|      FAST  |clk_BUFGP         |   0.000|
led<5>      |         8.295(R)|      SLOW  |         4.636(R)|      FAST  |clk_BUFGP         |   0.000|
led<6>      |         8.421(R)|      SLOW  |         4.715(R)|      FAST  |clk_BUFGP         |   0.000|
led<7>      |         8.218(R)|      SLOW  |         4.604(R)|      FAST  |clk_BUFGP         |   0.000|
seg<0>      |         8.042(R)|      SLOW  |         4.512(R)|      FAST  |clk_BUFGP         |   0.000|
seg<1>      |         8.241(R)|      SLOW  |         4.624(R)|      FAST  |clk_BUFGP         |   0.000|
seg<2>      |         7.994(R)|      SLOW  |         4.436(R)|      FAST  |clk_BUFGP         |   0.000|
seg<3>      |         7.971(R)|      SLOW  |         4.451(R)|      FAST  |clk_BUFGP         |   0.000|
seg<4>      |         8.337(R)|      SLOW  |         4.682(R)|      FAST  |clk_BUFGP         |   0.000|
seg<5>      |         8.165(R)|      SLOW  |         4.567(R)|      FAST  |clk_BUFGP         |   0.000|
seg<6>      |         8.246(R)|      SLOW  |         4.593(R)|      FAST  |clk_BUFGP         |   0.000|
------------+-----------------+------------+-----------------+------------+------------------+--------+

Clock to Setup on destination clock clk
---------------+---------+---------+---------+---------+
               | Src:Rise| Src:Fall| Src:Rise| Src:Fall|
Source Clock   |Dest:Rise|Dest:Rise|Dest:Fall|Dest:Fall|
---------------+---------+---------+---------+---------+
clk            |    7.153|         |         |         |
---------------+---------+---------+---------+---------+


Analysis completed Fri Nov 07 09:21:42 2025 
--------------------------------------------------------------------------------

Trace Settings:
-------------------------
Trace Settings 

Peak Memory Usage: 159 MB



