Release 14.7 - xst P.20131013 (nt)
Copyright (c) 1995-2013 Xilinx, Inc.  All rights reserved.
--> Parameter TMPDIR set to xst/projnav.tmp


Total REAL time to Xst completion: 0.00 secs
Total CPU time to Xst completion: 0.26 secs
 
--> Parameter xsthdpdir set to xst


Total REAL time to Xst completion: 0.00 secs
Total CPU time to Xst completion: 0.26 secs
 
--> Reading design: v_microp.prj

TABLE OF CONTENTS
  1) Synthesis Options Summary
  2) HDL Parsing
  3) HDL Elaboration
  4) HDL Synthesis
       4.1) HDL Synthesis Report
  5) Advanced HDL Synthesis
       5.1) Advanced HDL Synthesis Report
  6) Low Level Synthesis
  7) Partition Report
  8) Design Summary
       8.1) Primitive and Black Box Usage
       8.2) Device utilization summary
       8.3) Partition Resource Summary
       8.4) Timing Report
            8.4.1) Clock Information
            8.4.2) Asynchronous Control Signals Information
            8.4.3) Timing Summary
            8.4.4) Timing Details
            8.4.5) Cross Clock Domains Report


=========================================================================
*                      Synthesis Options Summary                        *
=========================================================================
---- Source Parameters
Input File Name                    : "v_microp.prj"
Ignore Synthesis Constraint File   : NO

---- Target Parameters
Output File Name                   : "v_microp"
Output Format                      : NGC
Target Device                      : xc6slx16-3-csg324

---- Source Options
Top Module Name                    : v_microp
Automatic FSM Extraction           : YES
FSM Encoding Algorithm             : Auto
Safe Implementation                : No
FSM Style                          : LUT
RAM Extraction                     : Yes
RAM Style                          : Auto
ROM Extraction                     : Yes
Shift Register Extraction          : YES
ROM Style                          : Auto
Resource Sharing                   : YES
Asynchronous To Synchronous        : NO
Shift Register Minimum Size        : 2
Use DSP Block                      : Auto
Automatic Register Balancing       : No

---- Target Options
LUT Combining                      : Auto
Reduce Control Sets                : Auto
Add IO Buffers                     : YES
Global Maximum Fanout              : 100000
Add Generic Clock Buffer(BUFG)     : 16
Register Duplication               : YES
Optimize Instantiated Primitives   : NO
Use Clock Enable                   : Auto
Use Synchronous Set                : Auto
Use Synchronous Reset              : Auto
Pack IO Registers into IOBs        : Auto
Equivalent register Removal        : YES

---- General Options
Optimization Goal                  : Speed
Optimization Effort                : 1
Power Reduction                    : NO
Keep Hierarchy                     : No
Netlist Hierarchy                  : As_Optimized
RTL Output                         : Yes
Global Optimization                : AllClockNets
Read Cores                         : YES
Write Timing Constraints           : NO
Cross Clock Analysis               : NO
Hierarchy Separator                : /
Bus Delimiter                      : <>
Case Specifier                     : Maintain
Slice Utilization Ratio            : 100
BRAM Utilization Ratio             : 100
DSP48 Utilization Ratio            : 100
Auto BRAM Packing                  : NO
Slice Utilization Ratio Delta      : 5

---- Other Options
Cores Search Directories           : {"ipcore_dir"  }

=========================================================================


=========================================================================
*                          HDL Parsing                                  *
=========================================================================
Analyzing Verilog file "E:\FactoryFloorCalculator2025\ipcore_dir\microp.v" into library work
Parsing module <microp>.
Analyzing Verilog file "E:\FactoryFloorCalculator2025\v_microp.v" into library work
Parsing module <v_microp>.

=========================================================================
*                            HDL Elaboration                            *
=========================================================================
WARNING:HDLCompiler:1016 - "E:\FactoryFloorCalculator2025\v_microp.v" Line 12: Port GPI1_Interrupt is not connected to this instance

Elaborating module <v_microp>.

Elaborating module <microp>.

=========================================================================
*                           HDL Synthesis                               *
=========================================================================

Synthesizing Unit <v_microp>.
    Related source file is "E:\FactoryFloorCalculator2025\v_microp.v".
INFO:Xst:3210 - "E:\FactoryFloorCalculator2025\v_microp.v" line 12: Output port <GPI1_Interrupt> of the instance <mcs_0> is unconnected or connected to loadless signal.
INFO:Xst:3210 - "E:\FactoryFloorCalculator2025\v_microp.v" line 12: Output port <GPI2_Interrupt> of the instance <mcs_0> is unconnected or connected to loadless signal.
    Summary:
	no macro.
Unit <v_microp> synthesized.

=========================================================================
HDL Synthesis Report

Found no macro
=========================================================================

=========================================================================
*                       Advanced HDL Synthesis                          *
=========================================================================

Reading core <ipcore_dir/microp.ngc>.
Loading core <microp> for timing and area information for instance <mcs_0>.

=========================================================================
Advanced HDL Synthesis Report

Found no macro
=========================================================================

=========================================================================
*                         Low Level Synthesis                           *
=========================================================================

Optimizing unit <v_microp> ...

Mapping all equations...
Building and optimizing final netlist ...
Found area constraint ratio of 100 (+ 5) on block v_microp, actual ratio is 4.
INFO:Xst:2260 - The FF/Latch <U0/iomodule_0/IOModule_Core_I1/intr_ctrl_I1/cipr_rd_dff_all[31].fdr_i> in Unit <mcs_0> is equivalent to the following 31 FFs/Latches : <U0/iomodule_0/IOModule_Core_I1/intr_ctrl_I1/cipr_rd_dff_all[30].fdr_i> <U0/iomodule_0/IOModule_Core_I1/intr_ctrl_I1/cipr_rd_dff_all[29].fdr_i> <U0/iomodule_0/IOModule_Core_I1/intr_ctrl_I1/cipr_rd_dff_all[28].fdr_i> <U0/iomodule_0/IOModule_Core_I1/intr_ctrl_I1/cipr_rd_dff_all[27].fdr_i> <U0/iomodule_0/IOModule_Core_I1/intr_ctrl_I1/cipr_rd_dff_all[26].fdr_i> <U0/iomodule_0/IOModule_Core_I1/intr_ctrl_I1/cipr_rd_dff_all[25].fdr_i> <U0/iomodule_0/IOModule_Core_I1/intr_ctrl_I1/cipr_rd_dff_all[24].fdr_i> <U0/iomodule_0/IOModule_Core_I1/intr_ctrl_I1/cipr_rd_dff_all[23].fdr_i> <U0/iomodule_0/IOModule_Core_I1/intr_ctrl_I1/cipr_rd_dff_all[22].fdr_i> <U0/iomodule_0/IOModule_Core_I1/intr_ctrl_I1/cipr_rd_dff_all[21].fdr_i> <U0/iomodule_0/IOModule_Core_I1/intr_ctrl_I1/cipr_rd_dff_all[20].fdr_i>
   <U0/iomodule_0/IOModule_Core_I1/intr_ctrl_I1/cipr_rd_dff_all[19].fdr_i> <U0/iomodule_0/IOModule_Core_I1/intr_ctrl_I1/cipr_rd_dff_all[18].fdr_i> <U0/iomodule_0/IOModule_Core_I1/intr_ctrl_I1/cipr_rd_dff_all[17].fdr_i> <U0/iomodule_0/IOModule_Core_I1/intr_ctrl_I1/cipr_rd_dff_all[16].fdr_i> <U0/iomodule_0/IOModule_Core_I1/intr_ctrl_I1/cipr_rd_dff_all[15].fdr_i> <U0/iomodule_0/IOModule_Core_I1/intr_ctrl_I1/cipr_rd_dff_all[14].fdr_i> <U0/iomodule_0/IOModule_Core_I1/intr_ctrl_I1/cipr_rd_dff_all[13].fdr_i> <U0/iomodule_0/IOModule_Core_I1/intr_ctrl_I1/cipr_rd_dff_all[12].fdr_i> <U0/iomodule_0/IOModule_Core_I1/intr_ctrl_I1/cipr_rd_dff_all[11].fdr_i> <U0/iomodule_0/IOModule_Core_I1/intr_ctrl_I1/cipr_rd_dff_all[10].fdr_i> <U0/iomodule_0/IOModule_Core_I1/intr_ctrl_I1/cipr_rd_dff_all[9].fdr_i> <U0/iomodule_0/IOModule_Core_I1/intr_ctrl_I1/cipr_rd_dff_all[8].fdr_i> <U0/iomodule_0/IOModule_Core_I1/intr_ctrl_I1/cipr_rd_dff_all[7].fdr_i> <U0/iomodule_0/IOModule_Core_I1/intr_ctrl_I1/cipr_rd_dff_all[6].fdr_i>
   <U0/iomodule_0/IOModule_Core_I1/intr_ctrl_I1/cipr_rd_dff_all[5].fdr_i> <U0/iomodule_0/IOModule_Core_I1/intr_ctrl_I1/cipr_rd_dff_all[4].fdr_i> <U0/iomodule_0/IOModule_Core_I1/intr_ctrl_I1/cipr_rd_dff_all[3].fdr_i> <U0/iomodule_0/IOModule_Core_I1/intr_ctrl_I1/cipr_rd_dff_all[2].fdr_i> <U0/iomodule_0/IOModule_Core_I1/intr_ctrl_I1/cipr_rd_dff_all[1].fdr_i> <U0/iomodule_0/IOModule_Core_I1/intr_ctrl_I1/cipr_rd_dff_all[0].fdr_i> 
INFO:Xst:2260 - The FF/Latch <U0/ilmb/POR_FF_I> in Unit <mcs_0> is equivalent to the following FF/Latch : <U0/dlmb/POR_FF_I> 
INFO:Xst:2260 - The FF/Latch <U0/iomodule_0/IOModule_Core_I1/intr_ctrl_I1/cipr_rd_dff_all[31].fdr_i> in Unit <mcs_0> is equivalent to the following 31 FFs/Latches : <U0/iomodule_0/IOModule_Core_I1/intr_ctrl_I1/cipr_rd_dff_all[30].fdr_i> <U0/iomodule_0/IOModule_Core_I1/intr_ctrl_I1/cipr_rd_dff_all[29].fdr_i> <U0/iomodule_0/IOModule_Core_I1/intr_ctrl_I1/cipr_rd_dff_all[28].fdr_i> <U0/iomodule_0/IOModule_Core_I1/intr_ctrl_I1/cipr_rd_dff_all[27].fdr_i> <U0/iomodule_0/IOModule_Core_I1/intr_ctrl_I1/cipr_rd_dff_all[26].fdr_i> <U0/iomodule_0/IOModule_Core_I1/intr_ctrl_I1/cipr_rd_dff_all[25].fdr_i> <U0/iomodule_0/IOModule_Core_I1/intr_ctrl_I1/cipr_rd_dff_all[24].fdr_i> <U0/iomodule_0/IOModule_Core_I1/intr_ctrl_I1/cipr_rd_dff_all[23].fdr_i> <U0/iomodule_0/IOModule_Core_I1/intr_ctrl_I1/cipr_rd_dff_all[22].fdr_i> <U0/iomodule_0/IOModule_Core_I1/intr_ctrl_I1/cipr_rd_dff_all[21].fdr_i> <U0/iomodule_0/IOModule_Core_I1/intr_ctrl_I1/cipr_rd_dff_all[20].fdr_i>
   <U0/iomodule_0/IOModule_Core_I1/intr_ctrl_I1/cipr_rd_dff_all[19].fdr_i> <U0/iomodule_0/IOModule_Core_I1/intr_ctrl_I1/cipr_rd_dff_all[18].fdr_i> <U0/iomodule_0/IOModule_Core_I1/intr_ctrl_I1/cipr_rd_dff_all[17].fdr_i> <U0/iomodule_0/IOModule_Core_I1/intr_ctrl_I1/cipr_rd_dff_all[16].fdr_i> <U0/iomodule_0/IOModule_Core_I1/intr_ctrl_I1/cipr_rd_dff_all[15].fdr_i> <U0/iomodule_0/IOModule_Core_I1/intr_ctrl_I1/cipr_rd_dff_all[14].fdr_i> <U0/iomodule_0/IOModule_Core_I1/intr_ctrl_I1/cipr_rd_dff_all[13].fdr_i> <U0/iomodule_0/IOModule_Core_I1/intr_ctrl_I1/cipr_rd_dff_all[12].fdr_i> <U0/iomodule_0/IOModule_Core_I1/intr_ctrl_I1/cipr_rd_dff_all[11].fdr_i> <U0/iomodule_0/IOModule_Core_I1/intr_ctrl_I1/cipr_rd_dff_all[10].fdr_i> <U0/iomodule_0/IOModule_Core_I1/intr_ctrl_I1/cipr_rd_dff_all[9].fdr_i> <U0/iomodule_0/IOModule_Core_I1/intr_ctrl_I1/cipr_rd_dff_all[8].fdr_i> <U0/iomodule_0/IOModule_Core_I1/intr_ctrl_I1/cipr_rd_dff_all[7].fdr_i> <U0/iomodule_0/IOModule_Core_I1/intr_ctrl_I1/cipr_rd_dff_all[6].fdr_i>
   <U0/iomodule_0/IOModule_Core_I1/intr_ctrl_I1/cipr_rd_dff_all[5].fdr_i> <U0/iomodule_0/IOModule_Core_I1/intr_ctrl_I1/cipr_rd_dff_all[4].fdr_i> <U0/iomodule_0/IOModule_Core_I1/intr_ctrl_I1/cipr_rd_dff_all[3].fdr_i> <U0/iomodule_0/IOModule_Core_I1/intr_ctrl_I1/cipr_rd_dff_all[2].fdr_i> <U0/iomodule_0/IOModule_Core_I1/intr_ctrl_I1/cipr_rd_dff_all[1].fdr_i> <U0/iomodule_0/IOModule_Core_I1/intr_ctrl_I1/cipr_rd_dff_all[0].fdr_i> 
INFO:Xst:2260 - The FF/Latch <U0/ilmb/POR_FF_I> in Unit <mcs_0> is equivalent to the following FF/Latch : <U0/dlmb/POR_FF_I> 

Final Macro Processing ...

=========================================================================
Final Register Report

Found no macro
=========================================================================

=========================================================================
*                           Partition Report                            *
=========================================================================

Partition Implementation Status
-------------------------------

  No Partitions were found in this design.

-------------------------------

=========================================================================
*                            Design Summary                             *
=========================================================================

Top Level Output File Name         : v_microp.ngc

Primitive and Black Box Usage:
------------------------------
# BELS                             : 688
#      GND                         : 1
#      INV                         : 7
#      LUT1                        : 3
#      LUT2                        : 46
#      LUT3                        : 34
#      LUT4                        : 177
#      LUT5                        : 49
#      LUT6                        : 94
#      LUT6_2                      : 90
#      MULT_AND                    : 3
#      MUXCY_L                     : 71
#      MUXF5                       : 64
#      MUXF7                       : 2
#      VCC                         : 1
#      XORCY                       : 46
# FlipFlops/Latches                : 349
#      FD                          : 85
#      FDE                         : 76
#      FDR                         : 59
#      FDRE                        : 111
#      FDS                         : 6
#      FDSE                        : 12
# RAMS                             : 68
#      RAM32X1D                    : 64
#      RAMB16BWER                  : 4
# Shift Registers                  : 43
#      SRL16E                      : 43
# Clock Buffers                    : 1
#      BUFGP                       : 1
# IO Buffers                       : 32
#      IBUF                        : 13
#      OBUF                        : 19

Device utilization summary:
---------------------------

Selected Device : 6slx16csg324-3 


Slice Logic Utilization: 
 Number of Slice Registers:             349  out of  18224     1%  
 Number of Slice LUTs:                  671  out of   9112     7%  
    Number used as Logic:               500  out of   9112     5%  
    Number used as Memory:              171  out of   2176     7%  
       Number used as RAM:              128
       Number used as SRL:               43

Slice Logic Distribution: 
 Number of LUT Flip Flop pairs used:    831
   Number with an unused Flip Flop:     482  out of    831    58%  
   Number with an unused LUT:           160  out of    831    19%  
   Number of fully used LUT-FF pairs:   189  out of    831    22%  
   Number of unique control sets:        25

IO Utilization: 
 Number of IOs:                          33
 Number of bonded IOBs:                  33  out of    232    14%  

Specific Feature Utilization:
 Number of Block RAM/FIFO:                4  out of     32    12%  
    Number using Block RAM only:          4
 Number of BUFG/BUFGCTRLs:                1  out of     16     6%  

---------------------------
Partition Resource Summary:
---------------------------

  No Partitions were found in this design.

---------------------------


=========================================================================
Timing Report

NOTE: THESE TIMING NUMBERS ARE ONLY A SYNTHESIS ESTIMATE.
      FOR ACCURATE TIMING INFORMATION PLEASE REFER TO THE TRACE REPORT
      GENERATED AFTER PLACE-and-ROUTE.

Clock Information:
------------------
-----------------------------------+------------------------+-------+
Clock Signal                       | Clock buffer(FF name)  | Load  |
-----------------------------------+------------------------+-------+
clk                                | BUFGP                  | 460   |
-----------------------------------+------------------------+-------+

Asynchronous Control Signals Information:
----------------------------------------
No asynchronous control signals found in this design

Timing Summary:
---------------
Speed Grade: -3

   Minimum period: 6.844ns (Maximum Frequency: 146.105MHz)
   Minimum input arrival time before clock: 1.903ns
   Maximum output required time after clock: 3.597ns
   Maximum combinational path delay: No path found

Timing Details:
---------------
All values displayed in nanoseconds (ns)

=========================================================================
Timing constraint: Default period analysis for Clock 'clk'
  Clock period: 6.844ns (frequency: 146.105MHz)
  Total number of paths / destination ports: 72363 / 1813
-------------------------------------------------------------------------
Delay:               6.844ns (Levels of Logic = 5)
  Source:            mcs_0/U0/microblaze_I/MicroBlaze_Core_I/Area.Decode_I/PreFetch_Buffer_I/Using_FPGA.Buffer_DFFs[1].FDS_I (FF)
  Destination:       mcs_0/U0/microblaze_I/MicroBlaze_Core_I/Area.Data_Flow_I/Operand_Select_I/Using_FPGA.OpSelect_Bits[15].Operand_Select_Bit_I/Op2_DFF (FF)
  Source Clock:      clk rising
  Destination Clock: clk rising

  Data Path: mcs_0/U0/microblaze_I/MicroBlaze_Core_I/Area.Decode_I/PreFetch_Buffer_I/Using_FPGA.Buffer_DFFs[1].FDS_I to mcs_0/U0/microblaze_I/MicroBlaze_Core_I/Area.Data_Flow_I/Operand_Select_I/Using_FPGA.OpSelect_Bits[15].Operand_Select_Bit_I/Op2_DFF
                                Gate     Net
    Cell:in->out      fanout   Delay   Delay  Logical Name (Net Name)
    ----------------------------------------  ------------
     FDS:C->Q             46   0.447   1.490  U0/microblaze_I/MicroBlaze_Core_I/Area.Decode_I/PreFetch_Buffer_I/Using_FPGA.Buffer_DFFs[1].FDS_I (U0/microblaze_I/MicroBlaze_Core_I/Area.buffer_Addr<1>)
     SRL16E:A2->Q         21   0.203   1.218  U0/microblaze_I/MicroBlaze_Core_I/Area.Decode_I/PreFetch_Buffer_I/Using_FPGA.PreFetch_Buffers[1].SRL16E_I/Use_unisim.MB_SRL16E_I1 (U0/microblaze_I/MicroBlaze_Core_I/Area.Decode_I/instr_OF<1>)
     LUT3:I1->O           16   0.203   1.005  U0/microblaze_I/MicroBlaze_Core_I/Area.Decode_I/PWR_12_o_instr_OF[0]_equal_114_o<0>11 (U0/microblaze_I/MicroBlaze_Core_I/Area.Decode_I/PWR_12_o_instr_OF[0]_equal_114_o<0>1)
     LUT5:I4->O            1   0.205   0.580  U0/microblaze_I/MicroBlaze_Core_I/Area.Decode_I/PWR_12_o_take_Intr_Now_Early_AND_179_o1_1 (U0/microblaze_I/MicroBlaze_Core_I/Area.Decode_I/PWR_12_o_take_Intr_Now_Early_AND_179_o1)
     LUT3:I2->O           15   0.205   0.982  U0/microblaze_I/MicroBlaze_Core_I/Area.Data_Flow_I/Operand_Select_I/Using_FPGA.OpSelect_Bits[10].Operand_Select_Bit_I/Mmux_op2_I111 (U0/microblaze_I/MicroBlaze_Core_I/Area.Data_Flow_I/Operand_Select_I/Using_FPGA.OpSelect_Bits[10].Operand_Select_Bit_I/Mmux_op2_I11)
     LUT6:I5->O            1   0.205   0.000  U0/microblaze_I/MicroBlaze_Core_I/Area.Data_Flow_I/Operand_Select_I/Using_FPGA.OpSelect_Bits[9].Operand_Select_Bit_I/Mmux_op2_I1 (U0/microblaze_I/MicroBlaze_Core_I/Area.Data_Flow_I/Operand_Select_I/Using_FPGA.OpSelect_Bits[9].Operand_Select_Bit_I/op2_I)
     FDE:D                     0.102          U0/microblaze_I/MicroBlaze_Core_I/Area.Data_Flow_I/Operand_Select_I/Using_FPGA.OpSelect_Bits[9].Operand_Select_Bit_I/Op2_DFF
    ----------------------------------------
    Total                      6.844ns (1.570ns logic, 5.274ns route)
                                       (22.9% logic, 77.1% route)

=========================================================================
Timing constraint: Default OFFSET IN BEFORE for Clock 'clk'
  Total number of paths / destination ports: 13 / 13
-------------------------------------------------------------------------
Offset:              1.903ns (Levels of Logic = 2)
  Source:            btn<0> (PAD)
  Destination:       mcs_0/U0/filter_reset.reset_vec_0 (FF)
  Destination Clock: clk rising

  Data Path: btn<0> to mcs_0/U0/filter_reset.reset_vec_0
                                Gate     Net
    Cell:in->out      fanout   Delay   Delay  Logical Name (Net Name)
    ----------------------------------------  ------------
     IBUF:I->O             1   1.222   0.579  btn_0_IBUF (btn_0_IBUF)
     begin scope: 'mcs_0:Reset'
     FD:D                      0.102          U0/filter_reset.reset_vec_0
    ----------------------------------------
    Total                      1.903ns (1.324ns logic, 0.579ns route)
                                       (69.6% logic, 30.4% route)

=========================================================================
Timing constraint: Default OFFSET OUT AFTER for Clock 'clk'
  Total number of paths / destination ports: 19 / 19
-------------------------------------------------------------------------
Offset:              3.597ns (Levels of Logic = 2)
  Source:            mcs_0/U0/iomodule_0/IOModule_Core_I1/GPO_I2/gpo_io_i_6 (FF)
  Destination:       seg<0> (PAD)
  Source Clock:      clk rising

  Data Path: mcs_0/U0/iomodule_0/IOModule_Core_I1/GPO_I2/gpo_io_i_6 to seg<0>
                                Gate     Net
    Cell:in->out      fanout   Delay   Delay  Logical Name (Net Name)
    ----------------------------------------  ------------
     FDRE:C->Q             1   0.447   0.579  U0/iomodule_0/IOModule_Core_I1/GPO_I2/gpo_io_i_6 (GPO2<6>)
     end scope: 'mcs_0:GPO2<6>'
     OBUF:I->O                 2.571          seg_0_OBUF (seg<0>)
    ----------------------------------------
    Total                      3.597ns (3.018ns logic, 0.579ns route)
                                       (83.9% logic, 16.1% route)

=========================================================================

Cross Clock Domains Report:
--------------------------

Clock to Setup on destination clock clk
---------------+---------+---------+---------+---------+
               | Src:Rise| Src:Fall| Src:Rise| Src:Fall|
Source Clock   |Dest:Rise|Dest:Rise|Dest:Fall|Dest:Fall|
---------------+---------+---------+---------+---------+
clk            |    6.844|         |         |         |
---------------+---------+---------+---------+---------+

=========================================================================


Total REAL time to Xst completion: 8.00 secs
Total CPU time to Xst completion: 8.20 secs
 
--> 

Total memory usage is 189664 kilobytes

Number of errors   :    0 (   0 filtered)
Number of warnings :    1 (   0 filtered)
Number of infos    :    6 (   0 filtered)

